  PID  PPID   UID   GID CGROUP                      F  NI PRI TT       COMMAND
    1     0     0     0 -                           4   0  19 ?        /sbin/init
    2     0     0     0 -                           1   0  19 ?        [kthreadd]
    3     2     0     0 -                           1   0  19 ?        [ksoftirqd/0]
    4     2     0     0 -                           1   0  19 ?        [kworker/0:0]
    5     2     0     0 -                           1 -20  39 ?        [kworker/0:0H]
    6     2     0     0 -                           1   0  19 ?        [kworker/u2:0]
    7     2     0     0 -                           1   0  19 ?        [rcu_sched]
    8     2     0     0 -                           1   0  19 ?        [rcuos/0]
    9     2     0     0 -                           1   0  19 ?        [rcu_bh]
   10     2     0     0 -                           1   0  19 ?        [rcuob/0]
   11     2     0     0 -                           1   - 139 ?        [migration/0]
   12     2     0     0 -                           5   - 139 ?        [watchdog/0]
   13     2     0     0 -                           1 -20  39 ?        [khelper]
   14     2     0     0 -                           5   0  19 ?        [kdevtmpfs]
   15     2     0     0 -                           1 -20  39 ?        [netns]
   16     2     0     0 -                           1 -20  39 ?        [writeback]
   17     2     0     0 -                           1 -20  39 ?        [kintegrityd]
   18     2     0     0 -                           1 -20  39 ?        [bioset]
   19     2     0     0 -                           1 -20  39 ?        [kworker/u3:0]
   20     2     0     0 -                           1 -20  39 ?        [kblockd]
   21     2     0     0 -                           1 -20  39 ?        [ata_sff]
   22     2     0     0 -                           1   0  19 ?        [khubd]
   23     2     0     0 -                           1 -20  39 ?        [md]
   24     2     0     0 -                           1 -20  39 ?        [devfreq_wq]
   25     2     0     0 -                           1   0  19 ?        [kworker/0:1]
   26     2     0     0 -                           1   0  19 ?        [khungtaskd]
   27     2     0     0 -                           1   0  19 ?        [kswapd0]
   28     2     0     0 -                           1 -20  39 ?        [vmstat]
   29     2     0     0 -                           1   5  14 ?        [ksmd]
   30     2     0     0 -                           1   0  19 ?        [fsnotify_mark]
   31     2     0     0 -                           1   0  19 ?        [ecryptfs-kthrea]
   32     2     0     0 -                           1 -20  39 ?        [crypto]
   44     2     0     0 -                           1 -20  39 ?        [kthrotld]
   45     2     0     0 -                           1   0  19 ?        [kworker/u2:1]
   46     2     0     0 -                           1   0  19 ?        [scsi_eh_0]
   47     2     0     0 -                           1   0  19 ?        [scsi_eh_1]
   48     2     0     0 -                           1   0  19 ?        [kworker/u2:2]
   49     2     0     0 -                           1   0  19 ?        [kworker/u2:3]
   68     2     0     0 -                           1 -20  39 ?        [deferwq]
   69     2     0     0 -                           1 -20  39 ?        [charger_manager]
  111     2     0     0 -                           1 -20  39 ?        [kpsmoused]
  112     2     0     0 -                           1   0  19 ?        [scsi_eh_2]
  120     2     0     0 -                           1 -20  39 ?        [kdmflush]
  121     2     0     0 -                           1 -20  39 ?        [bioset]
  123     2     0     0 -                           1 -20  39 ?        [kdmflush]
  125     2     0     0 -                           1 -20  39 ?        [bioset]
  181     2     0     0 -                           1   0  19 ?        [jbd2/dm-0-8]
  182     2     0     0 -                           1 -20  39 ?        [ext4-rsv-conver]
  310     1     0     0 -                           1   0  19 ?        upstart-udev-bridge --daemon
  312     2     0     0 -                           1 -20  39 ?        [kworker/u3:1]
  335     1     0     0 -                           5   0  19 ?        /lib/systemd/systemd-udevd --daemon
  354     2     0     0 -                           1 -20  39 ?        [ext4-rsv-conver]
  395     1     0     0 -                           1   0  19 ?        upstart-file-bridge --daemon
  401     2     0     0 -                           1 -20  39 ?        [rpciod]
  405     2     0     0 -                           1 -20  39 ?        [nfsiod]
  412     1   102   106 -                           5   0  19 ?        dbus-daemon --system --fork
  414     1     0     0 -                           1   0  19 ?        rpc.idmapd
  428     1   101   104 -                           5   0  19 ?        rsyslogd
  439     2     0     0 -                           1 -20  39 ?        [iprt-VBoxWQueue]
  461     1     0     0 -                           4   0  19 ?        /lib/systemd/systemd-logind
  497     2     0     0 -                           1 -20  39 ?        [ttm_swap]
  548     1     0     0 -                           1   0  19 ?        upstart-socket-bridge --daemon
  562     1     0     0 -                           5   0  19 ?        rpcbind
  592     1   104 65534 -                           5   0  19 ?        rpc.statd -L
  654     1     0     0 -                           1   0  19 ?        dhclient -1 -v -pf /run/dhclient.eth0.pid -lf /var/lib/dhcp/dhclient.eth0.leases eth0
  813     1     0     0 -                           4   0  19 tty4     /sbin/getty -8 38400 tty4
  815     1     0     0 -                           4   0  19 tty5     /sbin/getty -8 38400 tty5
  818     1     0     0 -                           4   0  19 tty2     /sbin/getty -8 38400 tty2
  819     1     0     0 -                           4   0  19 tty3     /sbin/getty -8 38400 tty3
  821     1     0     0 -                           4   0  19 tty6     /sbin/getty -8 38400 tty6
  850     1     0     0 -                           1   0  19 ?        cron
  912     2     0     0 -                           1   0  19 ?        [kauditd]
  957     1     0     0 -                           1   0  19 ?        /usr/sbin/VBoxService --pidfile /var/run/vboxadd-service.pid
  993     1     0     0 -                           4   0  19 tty1     /sbin/getty -8 38400 tty1
 1125     1     0     0 -                           4   0  19 ?        /lib/systemd/systemd-hostnamed
 1245     1     0     0 -                           4   0  19 ?        /usr/sbin/sshd -D
 2237     1     0     0 2:name=systemd:/user/900.us 1   0  19 ?        /usr/sbin/apache2 -k start
 2240  2237    33    33 2:name=systemd:/user/900.us 5   0  19 ?        /usr/sbin/apache2 -k start
 2241  2237    33    33 2:name=systemd:/user/900.us 5   0  19 ?        /usr/sbin/apache2 -k start
 2363  1245     0     0 2:name=systemd:/user/900.us 4   0  19 ?        sshd: vagrant [priv]
 2381  2363   900   900 2:name=systemd:/user/900.us 5   0  19 ?        sshd: vagrant@pts/0 
 2419  2381   900   900 2:name=systemd:/user/900.us 0   0  19 pts/0    /bin/sh -c sudo -k && sudo -H -S -p "[sudo via ansible, key=fomvtfzprvozwwmrapgjrygtntsswwlu] password: " -u root /bin/sh -c 'echo SUDO-SUCCESS-fomvtfzprvozwwmrapgjrygtntsswwlu; /usr/bin/python /home/vagrant/.ansible/tmp/ansible-tmp-1502299163.45-6987800068397/command; rm -rf /home/vagrant/.ansible/tmp/ansible-tmp-1502299163.45-6987800068397/ >/dev/null 2>&1'
 2421  2419     0   900 2:name=systemd:/user/900.us 4   0  19 pts/0    sudo -H -S -p [sudo via ansible, key=fomvtfzprvozwwmrapgjrygtntsswwlu] password:  -u root /bin/sh -c echo SUDO-SUCCESS-fomvtfzprvozwwmrapgjrygtntsswwlu; /usr/bin/python /home/vagrant/.ansible/tmp/ansible-tmp-1502299163.45-6987800068397/command; rm -rf /home/vagrant/.ansible/tmp/ansible-tmp-1502299163.45-6987800068397/ >/dev/null 2>&1
 2422  2421     0     0 2:name=systemd:/user/900.us 4   0  19 pts/0    /bin/sh -c echo SUDO-SUCCESS-fomvtfzprvozwwmrapgjrygtntsswwlu; /usr/bin/python /home/vagrant/.ansible/tmp/ansible-tmp-1502299163.45-6987800068397/command; rm -rf /home/vagrant/.ansible/tmp/ansible-tmp-1502299163.45-6987800068397/ >/dev/null 2>&1
 2423  2422     0     0 2:name=systemd:/user/900.us 4   0  19 pts/0    /usr/bin/python /home/vagrant/.ansible/tmp/ansible-tmp-1502299163.45-6987800068397/command
 2424  2423     0     0 2:name=systemd:/user/900.us 0   0  19 pts/0    /bin/sh -c ps -eo pid,ppid,uid,gid,cgroup,f,ni,pri,tty,args -www 
 2425  2424     0     0 2:name=systemd:/user/900.us 4   0  19 pts/0    ps -eo pid,ppid,uid,gid,cgroup,f,ni,pri,tty,args -www