Desired=Unknown/Install/Remove/Purge/Hold
| Status=Not/Inst/Conf-files/Unpacked/halF-conf/Half-inst/trig-aWait/Trig-pend
|/ Err?=(none)/Reinst-required (Status,Err: uppercase=bad)
||/ Name                                Version                          Architecture Description
+++-===================================-================================-============-===============================================================================
ii  accountsservice                     0.6.35-0ubuntu7.2                amd64        query and manipulate user account information
ii  adduser                             3.113+nmu3ubuntu3                all          add and remove users and groups
ii  apache2                             2.4.7-1ubuntu4.17                amd64        Apache HTTP Server
ii  apache2-bin                         2.4.7-1ubuntu4.17                amd64        Apache HTTP Server (binary files and modules)
ii  apache2-data                        2.4.7-1ubuntu4.17                all          Apache HTTP Server (common files)
ii  apparmor                            2.8.95~2430-0ubuntu5.3           amd64        User-space parser utility for AppArmor
ii  apt                                 1.0.1ubuntu2.14                  amd64        commandline package manager
ii  apt-transport-https                 1.0.1ubuntu2.14                  amd64        https download transport for APT
ii  apt-utils                           1.0.1ubuntu2.14                  amd64        package management related utility programs
ii  apt-xapian-index                    0.45ubuntu4                      all          maintenance and search tools for a Xapian index of Debian packages
ii  aptitude                            0.6.8.2-1ubuntu4                 amd64        terminal-based package manager
ii  aptitude-common                     0.6.8.2-1ubuntu4                 all          architecture indepedent files for the aptitude package manager
ii  base-files                          7.2ubuntu5.4                     amd64        Debian base system miscellaneous files
ii  base-passwd                         3.5.33                           amd64        Debian base system master password and group files
ii  bash                                4.3-7ubuntu1.5                   amd64        GNU Bourne Again SHell
ii  bash-completion                     1:2.1-4ubuntu0.2                 all          programmable completion for the bash shell
ii  bind9-host                          1:9.9.5.dfsg-3ubuntu0.8          amd64        Version of 'host' bundled with BIND 9.X
ii  binutils                            2.24-5ubuntu14.1                 amd64        GNU assembler, linker and binary utilities
ii  biosdevname                         0.4.1-0ubuntu6.3                 amd64        apply BIOS-given names to network devices
ii  bsdmainutils                        9.0.5ubuntu1                     amd64        collection of more utilities from FreeBSD
ii  bsdutils                            1:2.20.1-5.1ubuntu20.7           amd64        Basic utilities from 4.4BSD-Lite
ii  busybox-initramfs                   1:1.21.0-1ubuntu1                amd64        Standalone shell setup for initramfs
ii  busybox-static                      1:1.21.0-1ubuntu1                amd64        Standalone rescue shell with tons of builtin utilities
ii  bzip2                               1.0.6-5                          amd64        high-quality block-sorting file compressor - utilities
ii  ca-certificates                     20160104ubuntu0.14.04.1          all          Common CA certificates
ii  command-not-found                   0.3ubuntu12                      all          Suggest installation of packages in interactive bash sessions
ii  command-not-found-data              0.3ubuntu12                      amd64        Set of data files for command-not-found.
ii  console-setup                       1.70ubuntu8                      all          console font and keymap setup program
ii  coreutils                           8.21-1ubuntu5.4                  amd64        GNU core utilities
ii  cpio                                2.11+dfsg-1ubuntu1.2             amd64        GNU cpio -- a program to manage archives of files
ii  cpp                                 4:4.8.2-1ubuntu6                 amd64        GNU C preprocessor (cpp)
ii  cpp-4.8                             4.8.4-2ubuntu1~14.04.3           amd64        GNU C preprocessor
ii  crda                                1.1.2-1ubuntu2                   amd64        wireless Central Regulatory Domain Agent
ii  cron                                3.0pl1-124ubuntu2                amd64        process scheduling daemon
ii  cryptsetup                          2:1.6.1-1ubuntu1                 amd64        disk encryption support - startup scripts
ii  cryptsetup-bin                      2:1.6.1-1ubuntu1                 amd64        disk encryption support - command line tools
ii  dash                                0.5.7-4ubuntu1                   amd64        POSIX-compliant shell
ii  dbus                                1.6.18-0ubuntu4.3                amd64        simple interprocess messaging system (daemon and utilities)
ii  debconf                             1.5.51ubuntu2                    all          Debian configuration management system
ii  debconf-i18n                        1.5.51ubuntu2                    all          full internationalization support for debconf
ii  debianutils                         4.4                              amd64        Miscellaneous utilities specific to Debian
ii  dh-python                           1.20140128-1ubuntu8.2            all          Debian helper tools for packaging Python libraries and applications
ii  diffutils                           1:3.3-1                          amd64        File comparison utilities
ii  dkms                                2.2.0.3-1.1ubuntu5.14.04.6       all          Dynamic Kernel Module Support Framework
ii  dmidecode                           2.12-2                           amd64        SMBIOS/DMI table decoder
ii  dmsetup                             2:1.02.77-6ubuntu2               amd64        Linux Kernel Device Mapper userspace library
ii  dnsutils                            1:9.9.5.dfsg-3ubuntu0.8          amd64        Clients provided with BIND
ii  dosfstools                          3.0.26-1ubuntu0.1                amd64        utilities for making and checking MS-DOS FAT filesystems
ii  dpkg                                1.17.5ubuntu5.7                  amd64        Debian package management system
ii  e2fslibs:amd64                      1.42.9-3ubuntu1.3                amd64        ext2/ext3/ext4 file system libraries
ii  e2fsprogs                           1.42.9-3ubuntu1.3                amd64        ext2/ext3/ext4 file system utilities
ii  ed                                  1.9-2                            amd64        classic UNIX line editor
ii  eject                               2.1.5+deb1+cvs20081104-13.1      amd64        ejects CDs and operates CD-Changers under Linux
ii  fakeroot                            1.20-3ubuntu2                    amd64        tool for simulating superuser privileges
ii  file                                1:5.14-2ubuntu3.3                amd64        Determines file type using "magic" numbers
ii  findutils                           4.4.2-7                          amd64        utilities for finding files--find, xargs
ii  friendly-recovery                   0.2.25                           all          Make recovery more user-friendly
ii  ftp                                 0.17-28                          amd64        classical file transfer client
ii  fuse                                2.9.2-4ubuntu4.14.04.1           amd64        Filesystem in Userspace
ii  gcc                                 4:4.8.2-1ubuntu6                 amd64        GNU C compiler
ii  gcc-4.8                             4.8.4-2ubuntu1~14.04.3           amd64        GNU C compiler
ii  gcc-4.8-base:amd64                  4.8.4-2ubuntu1~14.04.3           amd64        GCC, the GNU Compiler Collection (base package)
ii  gcc-4.9-base:amd64                  4.9.3-0ubuntu4                   amd64        GCC, the GNU Compiler Collection (base package)
ii  geoip-database                      20140313-1                       all          IP lookup command line tools that use the GeoIP library (country database)
ii  gettext-base                        0.18.3.1-1ubuntu3                amd64        GNU Internationalization utilities for the base system
ii  gir1.2-glib-2.0                     1.40.0-1ubuntu0.2                amd64        Introspection data for GLib, GObject, Gio and GModule
ii  gnupg                               1.4.16-1ubuntu2.3                amd64        GNU privacy guard - a free PGP replacement
ii  gpgv                                1.4.16-1ubuntu2.3                amd64        GNU privacy guard - signature verification tool
ii  grep                                2.16-1                           amd64        GNU grep, egrep and fgrep
ii  groff-base                          1.22.2-5                         amd64        GNU troff text-formatting system (base system components)
ii  grub-common                         2.02~beta2-9ubuntu1.11           amd64        GRand Unified Bootloader (common files)
ii  grub-gfxpayload-lists               0.6                              amd64        GRUB gfxpayload blacklist
ii  grub-pc                             2.02~beta2-9ubuntu1.11           amd64        GRand Unified Bootloader, version 2 (PC/BIOS version)
ii  grub-pc-bin                         2.02~beta2-9ubuntu1.11           amd64        GRand Unified Bootloader, version 2 (PC/BIOS binaries)
ii  grub2-common                        2.02~beta2-9ubuntu1.11           amd64        GRand Unified Bootloader (common files for version 2)
ii  gzip                                1.6-3ubuntu1                     amd64        GNU compression utilities
ii  hdparm                              9.43-1ubuntu3                    amd64        tune hard disk parameters for high performance
ii  hostname                            3.15ubuntu1                      amd64        utility to set/show the host name or domain name
ii  ifupdown                            0.7.47.2ubuntu4.4                amd64        high level tools to configure network interfaces
ii  info                                5.2.0.dfsg.1-2                   amd64        Standalone GNU Info documentation browser
ii  init-system-helpers                 1.14                             all          helper tools for all init systems
ii  initramfs-tools                     0.103ubuntu4.3                   all          tools for generating an initramfs
ii  initramfs-tools-bin                 0.103ubuntu4.3                   amd64        binaries used by initramfs-tools
ii  initscripts                         2.88dsf-41ubuntu6.3              amd64        scripts for initializing and shutting down the system
ii  insserv                             1.14.0-5ubuntu2                  amd64        boot sequence organizer using LSB init.d script dependency information
ii  install-info                        5.2.0.dfsg.1-2                   amd64        Manage installed documentation in info format
ii  installation-report                 2.54ubuntu1                      all          system installation report
ii  iproute2                            3.12.0-2ubuntu1                  amd64        networking and traffic control tools
ii  iptables                            1.4.21-1ubuntu1                  amd64        administration tools for packet filtering and NAT
ii  iputils-ping                        3:20121221-4ubuntu1.1            amd64        Tools to test the reachability of network hosts
ii  iputils-tracepath                   3:20121221-4ubuntu1.1            amd64        Tools to trace the network path to a remote host
ii  irqbalance                          1.0.6-2ubuntu0.14.04.4           amd64        Daemon to balance interrupts for SMP systems
ii  isc-dhcp-client                     4.2.4-7ubuntu12.4                amd64        ISC DHCP client
ii  isc-dhcp-common                     4.2.4-7ubuntu12.4                amd64        common files used by all the isc-dhcp* packages
ii  iso-codes                           3.52-1                           all          ISO language, territory, currency, script codes and their translations
ii  kbd                                 1.15.5-1ubuntu1                  amd64        Linux console font and keytable utilities
ii  keyboard-configuration              1.70ubuntu8                      all          system-wide keyboard preferences
ii  keyutils                            1.5.6-1                          amd64        Linux Key Management Utilities
ii  klibc-utils                         2.0.3-0ubuntu1.14.04.1           amd64        small utilities built with klibc for early boot
ii  kmod                                15-0ubuntu6                      amd64        tools for managing Linux kernel modules
ii  krb5-locales                        1.12+dfsg-2ubuntu5.2             all          Internationalization support for MIT Kerberos
ii  language-pack-en                    1:14.04+20150219                 all          translation updates for language English
ii  language-pack-en-base               1:14.04+20150219                 all          translations for language English
ii  language-pack-gnome-en              1:14.04+20150219                 all          GNOME translation updates for language English
ii  language-pack-gnome-en-base         1:14.04+20150219                 all          GNOME translations for language English
ii  language-selector-common            0.129.3                          all          Language selector for Ubuntu
ii  laptop-detect                       0.13.7ubuntu2                    amd64        attempt to detect a laptop
ii  less                                458-2                            amd64        pager program similar to more
ii  libaccountsservice0:amd64           0.6.35-0ubuntu7.2                amd64        query and manipulate user account information - shared libraries
ii  libacl1:amd64                       2.2.52-1                         amd64        Access control list shared library
ii  libapparmor-perl                    2.8.95~2430-0ubuntu5.3           amd64        AppArmor library Perl bindings
ii  libapparmor1:amd64                  2.8.95~2430-0ubuntu5.3           amd64        changehat AppArmor library
ii  libapr1:amd64                       1.5.0-1                          amd64        Apache Portable Runtime Library
ii  libaprutil1:amd64                   1.5.3-1                          amd64        Apache Portable Runtime Utility Library
ii  libaprutil1-dbd-sqlite3:amd64       1.5.3-1                          amd64        Apache Portable Runtime Utility Library - SQLite3 Driver
ii  libaprutil1-ldap:amd64              1.5.3-1                          amd64        Apache Portable Runtime Utility Library - LDAP Driver
ii  libapt-inst1.5:amd64                1.0.1ubuntu2.14                  amd64        deb package format runtime library
ii  libapt-pkg4.12:amd64                1.0.1ubuntu2.14                  amd64        package management runtime library
ii  libarchive-extract-perl             0.70-1                           all          generic archive extracting module
ii  libasan0:amd64                      4.8.4-2ubuntu1~14.04.3           amd64        AddressSanitizer -- a fast memory error detector
ii  libasn1-8-heimdal:amd64             1.6~git20131207+dfsg-1ubuntu1.1  amd64        Heimdal Kerberos - ASN.1 library
ii  libasprintf0c2:amd64                0.18.3.1-1ubuntu3                amd64        GNU library to use fprintf and friends in C++
ii  libatomic1:amd64                    4.8.4-2ubuntu1~14.04.3           amd64        support library providing __atomic built-in functions
ii  libattr1:amd64                      1:2.4.47-1ubuntu1                amd64        Extended attribute shared library
ii  libaudit-common                     1:2.3.2-2ubuntu1                 all          Dynamic library for security auditing - common files
ii  libaudit1:amd64                     1:2.3.2-2ubuntu1                 amd64        Dynamic library for security auditing
ii  libbind9-90                         1:9.9.5.dfsg-3ubuntu0.8          amd64        BIND9 Shared Library used by BIND
ii  libblkid1:amd64                     2.20.1-5.1ubuntu20.7             amd64        block device id library
ii  libboost-iostreams1.54.0:amd64      1.54.0-4ubuntu3.1                amd64        Boost.Iostreams Library
ii  libbsd0:amd64                       0.6.0-2ubuntu1                   amd64        utility functions from BSD systems - shared library
ii  libbz2-1.0:amd64                    1.0.6-5                          amd64        high-quality block-sorting file compressor library - runtime
ii  libc-bin                            2.19-0ubuntu6.9                  amd64        Embedded GNU C Library: Binaries
ii  libc-dev-bin                        2.19-0ubuntu6.9                  amd64        Embedded GNU C Library: Development binaries
ii  libc6:amd64                         2.19-0ubuntu6.9                  amd64        Embedded GNU C Library: Shared libraries
ii  libc6-dev:amd64                     2.19-0ubuntu6.9                  amd64        Embedded GNU C Library: Development Libraries and Header Files
ii  libcap-ng0                          0.7.3-1ubuntu2                   amd64        An alternate POSIX capabilities library
ii  libcap2:amd64                       1:2.24-0ubuntu2                  amd64        support for getting/setting POSIX.1e capabilities
ii  libcap2-bin                         1:2.24-0ubuntu2                  amd64        basic utility programs for using capabilities
ii  libcgmanager0:amd64                 0.24-0ubuntu7.5                  amd64        Central cgroup manager daemon (client library)
ii  libck-connector0:amd64              0.4.5-3.1ubuntu2                 amd64        ConsoleKit libraries
ii  libclass-accessor-perl              0.34-1                           all          Perl module that automatically generates accessors
ii  libcloog-isl4:amd64                 0.18.2-1                         amd64        Chunky Loop Generator (runtime library)
ii  libcomerr2:amd64                    1.42.9-3ubuntu1.3                amd64        common error description library
ii  libcryptsetup4                      2:1.6.1-1ubuntu1                 amd64        disk encryption support - shared library
ii  libcurl3-gnutls:amd64               7.35.0-1ubuntu2.7                amd64        easy-to-use client-side URL transfer library (GnuTLS flavour)
ii  libcwidget3                         0.5.16-3.5ubuntu1                amd64        high-level terminal interface library for C++ (runtime files)
ii  libdb5.3:amd64                      5.3.28-3ubuntu3                  amd64        Berkeley v5.3 Database Libraries [runtime]
ii  libdbus-1-3:amd64                   1.6.18-0ubuntu4.3                amd64        simple interprocess messaging system (library)
ii  libdbus-glib-1-2:amd64              0.100.2-1                        amd64        simple interprocess messaging system (GLib-based shared library)
ii  libdebconfclient0:amd64             0.187ubuntu1                     amd64        Debian Configuration Management System (C-implementation library)
ii  libdevmapper-event1.02.1:amd64      2:1.02.77-6ubuntu2               amd64        Linux Kernel Device Mapper event support library
ii  libdevmapper1.02.1:amd64            2:1.02.77-6ubuntu2               amd64        Linux Kernel Device Mapper userspace library
ii  libdns100                           1:9.9.5.dfsg-3ubuntu0.8          amd64        DNS Shared Library used by BIND
ii  libdrm2:amd64                       2.4.64-1~ubuntu14.04.1           amd64        Userspace interface to kernel DRM services -- runtime
ii  libedit2:amd64                      3.1-20130712-2                   amd64        BSD editline and history libraries
ii  libelf1:amd64                       0.158-0ubuntu5.2                 amd64        library to read and write ELF files
ii  libept1.4.12:amd64                  1.0.12                           amd64        High-level library for managing Debian package information
ii  libestr0                            0.1.9-0ubuntu2                   amd64        Helper functions for handling strings (lib)
ii  libevent-2.0-5:amd64                2.0.21-stable-1ubuntu1.14.04.1   amd64        Asynchronous event notification library
ii  libexpat1:amd64                     2.1.0-4ubuntu1.3                 amd64        XML parsing C library - runtime library
ii  libfakeroot:amd64                   1.20-3ubuntu2                    amd64        tool for simulating superuser privileges - shared libraries
ii  libffi6:amd64                       3.1~rc1+r3.0.13-12ubuntu0.1      amd64        Foreign Function Interface library runtime
ii  libfreetype6:amd64                  2.5.2-1ubuntu2.5                 amd64        FreeType 2 font engine, shared library files
ii  libfribidi0:amd64                   0.19.6-1                         amd64        Free Implementation of the Unicode BiDi algorithm
ii  libfuse2:amd64                      2.9.2-4ubuntu4.14.04.1           amd64        Filesystem in Userspace (library)
ii  libgcc-4.8-dev:amd64                4.8.4-2ubuntu1~14.04.3           amd64        GCC support library (development files)
ii  libgcc1:amd64                       1:4.9.3-0ubuntu4                 amd64        GCC support library
ii  libgck-1-0:amd64                    3.10.1-1                         amd64        Glib wrapper library for PKCS#11 - runtime
ii  libgcr-3-common                     3.10.1-1                         all          Library for Crypto UI related tasks - common files
ii  libgcr-base-3-1:amd64               3.10.1-1                         amd64        Library for Crypto related tasks
ii  libgcrypt11:amd64                   1.5.3-2ubuntu4.3                 amd64        LGPL Crypto library - runtime library
ii  libgdbm3:amd64                      1.8.3-12build1                   amd64        GNU dbm database routines (runtime version)
ii  libgeoip1:amd64                     1.6.0-1                          amd64        non-DNS IP-to-country resolver library
ii  libgirepository-1.0-1               1.40.0-1ubuntu0.2                amd64        Library for handling GObject introspection data (runtime library)
ii  libglib2.0-0:amd64                  2.40.2-0ubuntu1                  amd64        GLib library of C routines
ii  libglib2.0-data                     2.40.2-0ubuntu1                  all          Common files for GLib library
ii  libgmp10:amd64                      2:5.1.3+dfsg-1ubuntu1            amd64        Multiprecision arithmetic library
ii  libgnutls-openssl27:amd64           2.12.23-12ubuntu2.5              amd64        GNU TLS library - OpenSSL wrapper
ii  libgnutls26:amd64                   2.12.23-12ubuntu2.5              amd64        GNU TLS library - runtime library
ii  libgomp1:amd64                      4.8.4-2ubuntu1~14.04.3           amd64        GCC OpenMP (GOMP) support library
ii  libgpg-error0:amd64                 1.12-0.2ubuntu1                  amd64        library for common error values and messages in GnuPG components
ii  libgssapi-krb5-2:amd64              1.12+dfsg-2ubuntu5.2             amd64        MIT Kerberos runtime libraries - krb5 GSS-API Mechanism
ii  libgssapi3-heimdal:amd64            1.6~git20131207+dfsg-1ubuntu1.1  amd64        Heimdal Kerberos - GSSAPI support library
ii  libgssglue1:amd64                   0.4-2ubuntu1                     amd64        mechanism-switch gssapi library
ii  libhcrypto4-heimdal:amd64           1.6~git20131207+dfsg-1ubuntu1.1  amd64        Heimdal Kerberos - crypto library
ii  libheimbase1-heimdal:amd64          1.6~git20131207+dfsg-1ubuntu1.1  amd64        Heimdal Kerberos - Base library
ii  libheimntlm0-heimdal:amd64          1.6~git20131207+dfsg-1ubuntu1.1  amd64        Heimdal Kerberos - NTLM support library
ii  libhx509-5-heimdal:amd64            1.6~git20131207+dfsg-1ubuntu1.1  amd64        Heimdal Kerberos - X509 support library
ii  libidn11:amd64                      1.28-1ubuntu2                    amd64        GNU Libidn library, implementation of IETF IDN specifications
ii  libio-string-perl                   1.08-3                           all          Emulate IO::File interface for in-core strings
ii  libisc95                            1:9.9.5.dfsg-3ubuntu0.8          amd64        ISC Shared Library used by BIND
ii  libisccc90                          1:9.9.5.dfsg-3ubuntu0.8          amd64        Command Channel Library used by BIND
ii  libisccfg90                         1:9.9.5.dfsg-3ubuntu0.8          amd64        Config File Handling Library used by BIND
ii  libisl10:amd64                      0.12.2-1                         amd64        manipulating sets and relations of integer points bounded by linear constraints
ii  libitm1:amd64                       4.8.4-2ubuntu1~14.04.3           amd64        GNU Transactional Memory Library
ii  libjson-c2:amd64                    0.11-3ubuntu1.2                  amd64        JSON manipulation library - shared library
ii  libjson0:amd64                      0.11-3ubuntu1.2                  amd64        JSON manipulation library (transitional package)
ii  libk5crypto3:amd64                  1.12+dfsg-2ubuntu5.2             amd64        MIT Kerberos runtime libraries - Crypto Library
ii  libkeyutils1:amd64                  1.5.6-1                          amd64        Linux Key Management Utilities (library)
ii  libklibc                            2.0.3-0ubuntu1.14.04.1           amd64        minimal libc subset for use with initramfs
ii  libkmod2:amd64                      15-0ubuntu6                      amd64        libkmod shared library
ii  libkrb5-26-heimdal:amd64            1.6~git20131207+dfsg-1ubuntu1.1  amd64        Heimdal Kerberos - libraries
ii  libkrb5-3:amd64                     1.12+dfsg-2ubuntu5.2             amd64        MIT Kerberos runtime libraries
ii  libkrb5support0:amd64               1.12+dfsg-2ubuntu5.2             amd64        MIT Kerberos runtime libraries - Support library
ii  libldap-2.4-2:amd64                 2.4.31-1+nmu2ubuntu8.3           amd64        OpenLDAP libraries
ii  liblocale-gettext-perl              1.05-7build3                     amd64        module using libc functions for internationalization in Perl
ii  liblockfile-bin                     1.09-6ubuntu1                    amd64        support binaries for and cli utilities based on liblockfile
ii  liblockfile1:amd64                  1.09-6ubuntu1                    amd64        NFS-safe locking library
ii  liblog-message-simple-perl          0.10-1                           all          simplified interface to Log::Message
ii  liblwres90                          1:9.9.5.dfsg-3ubuntu0.8          amd64        Lightweight Resolver Library used by BIND
ii  liblzma5:amd64                      5.1.1alpha+20120614-2ubuntu2     amd64        XZ-format compression library
ii  libmagic1:amd64                     1:5.14-2ubuntu3.3                amd64        File type determination library using "magic" numbers
ii  libmodule-pluggable-perl            5.1-1                            all          module for giving  modules the ability to have plugins
ii  libmount1:amd64                     2.20.1-5.1ubuntu20.7             amd64        block device id library
ii  libmpc3:amd64                       1.0.1-1ubuntu1                   amd64        multiple precision complex floating-point library
ii  libmpdec2:amd64                     2.4.0-6                          amd64        library for decimal floating point arithmetic (runtime library)
ii  libmpfr4:amd64                      3.1.2-1                          amd64        multiple precision floating-point computation
ii  libncurses5:amd64                   5.9+20140118-1ubuntu1            amd64        shared libraries for terminal handling
ii  libncursesw5:amd64                  5.9+20140118-1ubuntu1            amd64        shared libraries for terminal handling (wide character support)
ii  libnewt0.52:amd64                   0.52.15-2ubuntu5                 amd64        Not Erik's Windowing Toolkit - text mode windowing with slang
ii  libnfnetlink0:amd64                 1.0.1-2                          amd64        Netfilter netlink library
ii  libnfsidmap2:amd64                  0.25-5                           amd64        NFS idmapping library
ii  libnih-dbus1:amd64                  1.0.3-4ubuntu25                  amd64        NIH D-Bus Bindings Library
ii  libnih1:amd64                       1.0.3-4ubuntu25                  amd64        NIH Utility Library
ii  libnl-3-200:amd64                   3.2.21-1ubuntu3                  amd64        library for dealing with netlink sockets
ii  libnl-genl-3-200:amd64              3.2.21-1ubuntu3                  amd64        library for dealing with netlink sockets - generic netlink
ii  libnuma1:amd64                      2.0.9~rc5-1ubuntu3.14.04.2       amd64        Libraries for controlling NUMA policy
ii  libp11-kit0:amd64                   0.20.2-2ubuntu2                  amd64        Library for loading and coordinating access to PKCS#11 modules - runtime
ii  libpam-cap:amd64                    1:2.24-0ubuntu2                  amd64        PAM module for implementing capabilities
ii  libpam-modules:amd64                1.1.8-1ubuntu2.2                 amd64        Pluggable Authentication Modules for PAM
ii  libpam-modules-bin                  1.1.8-1ubuntu2.2                 amd64        Pluggable Authentication Modules for PAM - helper binaries
ii  libpam-runtime                      1.1.8-1ubuntu2.2                 all          Runtime support for the PAM libra