root:!:17010:0:99999:7:::
daemon:*:16273:0:99999:7:::
bin:*:16273:0:99999:7:::
sys:*:16273:0:99999:7:::
sync:*:16273:0:99999:7:::
games:*:16273:0:99999:7:::
man:*:16273:0:99999:7:::
lp:*:16273:0:99999:7:::
mail:*:16273:0:99999:7:::
news:*:16273:0:99999:7:::
uucp:*:16273:0:99999:7:::
proxy:*:16273:0:99999:7:::
www-data:*:16273:0:99999:7:::
backup:*:16273:0:99999:7:::
list:*:16273:0:99999:7:::
irc:*:16273:0:99999:7:::
gnats:*:16273:0:99999:7:::
nobody:*:16273:0:99999:7:::
libuuid:!:16273:0:99999:7:::
syslog:*:16273:0:99999:7:::
messagebus:*:17010:0:99999:7:::
sshd:*:17010:0:99999:7:::
statd:*:17010:0:99999:7:::
vagrant:$6$IQ.vbPan$8m2xDNqN19iTMGKyZ7jAG/q/Falye0BN7WYMqMQ7PGaYiwJAHJl21dYGJe2lcUmg3dhCdU8qujYBRQN7jcgrw/:17010:0:99999:7:::
vboxadd:!:17010::::::